<?xml version="1.0" encoding="UTF-8"?>
<!-- Generated by org.testng.reporters.JUnitXMLReporter -->
<testsuite ignored="0" hostname="DESKTOP-HLSHGSG" failures="0" tests="4" name="Test" time="53.658" errors="0" timestamp="2023-01-11T15:48:10 IST">
  <testcase classname="opencart.Application.Test.Application_Test" name="Verify_Currency_DropDown" time="4.76"/>
  <testcase classname="opencart.Application.Test.Application_Test" name="Verify_Search_Box" time="2.03"/>
  <testcase classname="opencart.Application.Test.Application_Test" name="Verify_Search_Button" time="3.483"/>
  <testcase classname="opencart.Application.Test.Application_Test" name="Verify_HomePage_Title" time="1.926"/>
</testsuite> <!-- Test -->
