<?xml version="1.0" encoding="UTF-8"?>
<testng-results ignored="0" total="4" passed="4" failed="0" skipped="0">
  <reporter-output>
  </reporter-output>
  <suite started-at="2023-01-11T15:47:16 IST" name="Suite" finished-at="2023-01-11T15:48:10 IST" duration-ms="53658">
    <groups>
    </groups>
    <test started-at="2023-01-11T15:47:16 IST" name="Test" finished-at="2023-01-11T15:48:10 IST" duration-ms="53658">
      <class name="opencart.Application.Test.Application_Test">
        <test-method is-config="true" signature="setUpReport()[pri:0, instance:opencart.Application.Test.Application_Test@611889f4]" started-at="2023-01-11T15:47:15 IST" name="setUpReport" finished-at="2023-01-11T15:47:16 IST" duration-ms="895" status="PASS">
          <reporter-output>
          </reporter-output>
        </test-method> <!-- setUpReport -->
        <test-method is-config="true" signature="launchBrowser(java.lang.String)[pri:0, instance:opencart.Application.Test.Application_Test@611889f4]" started-at="2023-01-11T15:47:16 IST" name="launchBrowser" finished-at="2023-01-11T15:47:29 IST" duration-ms="13066" status="PASS">
          <params>
            <param index="0">
              <value>
                <![CDATA[Chrome]]>
              </value>
            </param>
          </params>
          <reporter-output>
          </reporter-output>
        </test-method> <!-- launchBrowser -->
        <test-method signature="Verify_Currency_DropDown()[pri:1, instance:opencart.Application.Test.Application_Test@611889f4]" started-at="2023-01-11T15:47:29 IST" name="Verify_Currency_DropDown" finished-at="2023-01-11T15:47:34 IST" duration-ms="4760" status="PASS">
          <reporter-output>
          </reporter-output>
        </test-method> <!-- Verify_Currency_DropDown -->
        <test-method is-config="true" signature="tearDownBrowser()[pri:0, instance:opencart.Application.Test.Application_Test@611889f4]" started-at="2023-01-11T15:47:34 IST" name="tearDownBrowser" finished-at="2023-01-11T15:47:35 IST" duration-ms="561" status="PASS">
          <reporter-output>
          </reporter-output>
        </test-method> <!-- tearDownBrowser -->
        <test-method is-config="true" signature="launchBrowser(java.lang.String)[pri:0, instance:opencart.Application.Test.Application_Test@611889f4]" started-at="2023-01-11T15:47:35 IST" name="launchBrowser" finished-at="2023-01-11T15:47:41 IST" duration-ms="6714" status="PASS">
          <params>
            <param index="0">
              <value>
                <![CDATA[Chrome]]>
              </value>
            </param>
          </params>
          <reporter-output>
          </reporter-output>
        </test-method> <!-- launchBrowser -->
        <test-method signature="Verify_Search_Box()[pri:2, instance:opencart.Application.Test.Application_Test@611889f4]" started-at="2023-01-11T15:47:41 IST" name="Verify_Search_Box" finished-at="2023-01-11T15:47:44 IST" duration-ms="2030" status="PASS">
          <reporter-output>
          </reporter-output>
        </test-method> <!-- Verify_Search_Box -->
        <test-method is-config="true" signature="tearDownBrowser()[pri:0, instance:opencart.Application.Test.Application_Test@611889f4]" started-at="2023-01-11T15:47:44 IST" name="tearDownBrowser" finished-at="2023-01-11T15:47:44 IST" duration-ms="800" status="PASS">
          <reporter-output>
          </reporter-output>
        </test-method> <!-- tearDownBrowser -->
        <test-method is-config="true" signature="launchBrowser(java.lang.String)[pri:0, instance:opencart.Application.Test.Application_Test@611889f4]" started-at="2023-01-11T15:47:44 IST" name="launchBrowser" finished-at="2023-01-11T15:47:55 IST" duration-ms="10309" status="PASS">
          <params>
            <param index="0">
              <value>
                <![CDATA[Chrome]]>
              </value>
            </param>
          </params>
          <reporter-output>
          </reporter-output>
        </test-method> <!-- launchBrowser -->
        <test-method signature="Verify_Search_Button()[pri:3, instance:opencart.Application.Test.Application_Test@611889f4]" started-at="2023-01-11T15:47:55 IST" name="Verify_Search_Button" finished-at="2023-01-11T15:47:58 IST" duration-ms="3483" status="PASS">
          <reporter-output>
          </reporter-output>
        </test-method> <!-- Verify_Search_Button -->
        <test-method is-config="true" signature="tearDownBrowser()[pri:0, instance:opencart.Application.Test.Application_Test@611889f4]" started-at="2023-01-11T15:47:58 IST" name="tearDownBrowser" finished-at="2023-01-11T15:47:59 IST" duration-ms="892" status="PASS">
          <reporter-output>
          </reporter-output>
        </test-method> <!-- tearDownBrowser -->
        <test-method is-config="true" signature="launchBrowser(java.lang.String)[pri:0, instance:opencart.Application.Test.Application_Test@611889f4]" started-at="2023-01-11T15:47:59 IST" name="launchBrowser" finished-at="2023-01-11T15:48:07 IST" duration-ms="8284" status="PASS">
          <params>
            <param index="0">
              <value>
                <![CDATA[Chrome]]>
              </value>
            </param>
          </params>
          <reporter-output>
          </reporter-output>
        </test-method> <!-- launchBrowser -->
        <test-method signature="Verify_HomePage_Title()[pri:4, instance:opencart.Application.Test.Application_Test@611889f4]" started-at="2023-01-11T15:48:07 IST" name="Verify_HomePage_Title" finished-at="2023-01-11T15:48:09 IST" duration-ms="1926" status="PASS">
          <reporter-output>
          </reporter-output>
        </test-method> <!-- Verify_HomePage_Title -->
        <test-method is-config="true" signature="tearDownBrowser()[pri:0, instance:opencart.Application.Test.Application_Test@611889f4]" started-at="2023-01-11T15:48:09 IST" name="tearDownBrowser" finished-at="2023-01-11T15:48:10 IST" duration-ms="613" status="PASS">
          <reporter-output>
          </reporter-output>
        </test-method> <!-- tearDownBrowser -->
        <test-method is-config="true" signature="tearDownReport()[pri:0, instance:opencart.Application.Test.Application_Test@611889f4]" started-at="2023-01-11T15:48:10 IST" name="tearDownReport" finished-at="2023-01-11T15:48:11 IST" duration-ms="1110" status="PASS">
          <reporter-output>
          </reporter-output>
        </test-method> <!-- tearDownReport -->
      </class> <!-- opencart.Application.Test.Application_Test -->
    </test> <!-- Test -->
  </suite> <!-- Suite -->
</testng-results>
